android/app/build/intermediates/manifest_merge_blame_file/debug/manifest-merger-blame-debug-report.txt
1<?xml version="1.0" encoding="utf-8"?>
2<manifest xmlns:android="http://schemas.android.com/apk/res/android"
3    package="com.tournmentApp.tournemnt"
4    android:versionCode="1"
5    android:versionName="1.0.0" >
6
7    <uses-sdk
8        android:minSdkVersion="23"
9        android:targetSdkVersion="34" />
10    <!--
11         The INTERNET permission is required for development. Specifically,
12         the Flutter tool needs it to communicate with the running application
13         to allow setting breakpoints, to provide hot reload, etc.
14    -->
15    <uses-permission android:name="android.permission.INTERNET" />
15-->src\main\AndroidManifest.xml:6:5-67
15-->src\main\AndroidManifest.xml:6:22-64
16    <uses-permission android:name="android.permission.RECORD_AUDIO" />
16-->src\main\AndroidManifest.xml:3:5-70
16-->src\main\AndroidManifest.xml:3:22-68
17    <uses-permission android:name="android.permission.WRITE_EXTERNAL_STORAGE" />
17-->src\main\AndroidManifest.xml:4:5-80
17-->src\main\AndroidManifest.xml:4:22-78
18    <uses-permission
18-->src\main\AndroidManifest.xml:5:5-79
19        android:name="android.permission.READ_EXTERNAL_STORAGE"
19-->src\main\AndroidManifest.xml:5:22-77
20        android:maxSdkVersion="32" />
20-->[:file_picker] AndroidManifest.xml:11:9-35
21    <uses-permission android:name="android.permission.ACCESS_WIFI_STATE" />
21-->src\main\AndroidManifest.xml:7:5-76
21-->src\main\AndroidManifest.xml:7:22-73
22    <uses-permission android:name="android.permission.ACCESS_NETWORK_STATE" />
22-->src\main\AndroidManifest.xml:8:5-79
22-->src\main\AndroidManifest.xml:8:22-76
23    <uses-permission android:name="android.permission.BLUETOOTH" />
23-->src\main\AndroidManifest.xml:9:5-68
23-->src\main\AndroidManifest.xml:9:22-65
24    <uses-permission android:name="android.permission.RECORD_AUDIO" />
24-->src\main\AndroidManifest.xml:3:5-70
24-->src\main\AndroidManifest.xml:3:22-68
25    <uses-permission android:name="android.permission.MODIFY_AUDIO_SETTINGS" />
25-->src\main\AndroidManifest.xml:12:5-80
25-->src\main\AndroidManifest.xml:12:22-77
26    <uses-permission android:name="android.permission.WAKE_LOCK" />
26-->src\main\AndroidManifest.xml:15:5-68
26-->src\main\AndroidManifest.xml:15:22-65
27    <uses-permission android:name="android.permission.VIBRATE" />
27-->src\main\AndroidManifest.xml:16:5-65
27-->src\main\AndroidManifest.xml:16:22-63
28    <uses-permission android:name="android.permission.ACCESS_NOTIFICATION_POLICY" />
28-->src\main\AndroidManifest.xml:18:5-84
28-->src\main\AndroidManifest.xml:18:22-82
29    <uses-permission android:name="android.permission.POST_NOTIFICATIONS" /> <!-- for bring app to foreground from background in Android 10 -->
29-->src\main\AndroidManifest.xml:19:5-76
29-->src\main\AndroidManifest.xml:19:22-74
30    <uses-permission android:name="android.permission.SYSTEM_ALERT_WINDOW" />
30-->src\main\AndroidManifest.xml:21:5-78
30-->src\main\AndroidManifest.xml:21:22-75
31
32    <queries>
32-->[:file_picker] AndroidManifest.xml:13:5-19:15
33        <intent>
33-->[:file_picker] AndroidManifest.xml:14:9-18:18
34            <action android:name="android.intent.action.GET_CONTENT" />
34-->[:file_picker] AndroidManifest.xml:15:13-72
34-->[:file_picker] AndroidManifest.xml:15:21-69
35
36            <data android:mimeType="*/*" />
36-->[:file_picker] AndroidManifest.xml:17:13-44
36-->[:file_picker] AndroidManifest.xml:17:19-41
37        </intent>
38        <intent>
38-->[androidx.media2:media2-session:1.2.1] AndroidManifest.xml:25:9-27:18
39            <action android:name="android.media.browse.MediaBrowserService" />
39-->[androidx.media2:media2-session:1.2.1] AndroidManifest.xml:26:13-79
39-->[androidx.media2:media2-session:1.2.1] AndroidManifest.xml:26:21-76
40        </intent>
41        <intent>
41-->[androidx.media2:media2-session:1.2.1] AndroidManifest.xml:28:9-30:18
42            <action android:name="androidx.media2.session.MediaSessionService" />
42-->[androidx.media2:media2-session:1.2.1] AndroidManifest.xml:29:13-82
42-->[androidx.media2:media2-session:1.2.1] AndroidManifest.xml:29:21-79
43        </intent>
44        <intent>
44-->[androidx.media2:media2-session:1.2.1] AndroidManifest.xml:31:9-33:18
45            <action android:name="androidx.media2.session.MediaLibraryService" />
45-->[androidx.media2:media2-session:1.2.1] AndroidManifest.xml:32:13-82
45-->[androidx.media2:media2-session:1.2.1] AndroidManifest.xml:32:21-79
46        </intent>
47        <intent>
47-->[im.zego:zpns:2.6.0] AndroidManifest.xml:18:9-20:18
48            <action android:name="com.huawei.hms.core.aidlservice" />
48-->[im.zego:zpns:2.6.0] AndroidManifest.xml:19:13-70
48-->[im.zego:zpns:2.6.0] AndroidManifest.xml:19:21-67
49        </intent>
50    </queries>
51
52    <uses-permission android:name="android.permission.USE_FULL_SCREEN_INTENT" />
52-->[:flutter_callkit_incoming_yoer] AndroidManifest.xml:9:5-81
52-->[:flutter_callkit_incoming_yoer] AndroidManifest.xml:9:22-78
53    <uses-permission android:name="android.permission.MANAGE_OWN_CALLS" />
53-->[:flutter_callkit_incoming_yoer] AndroidManifest.xml:15:5-75
53-->[:flutter_callkit_incoming_yoer] AndroidManifest.xml:15:22-72
54    <uses-permission android:name="android.permission.READ_PHONE_STATE" /> <!-- Required by older versions of Google Play services to create IID tokens -->
54-->[com.github.umair13adil:RxLogs:v1.0.23] AndroidManifest.xml:13:5-75
54-->[com.github.umair13adil:RxLogs:v1.0.23] AndroidManifest.xml:13:22-72
55    <uses-permission android:name="com.google.android.c2dm.permission.RECEIVE" />
55-->[com.google.firebase:firebase-messaging:24.0.3] AndroidManifest.xml:26:5-82
55-->[com.google.firebase:firebase-messaging:24.0.3] AndroidManifest.xml:26:22-79
56    <uses-permission android:name="com.google.android.gms.permission.AD_ID" />
56-->[com.google.android.gms:play-services-measurement-api:22.1.0] AndroidManifest.xml:25:5-79
56-->[com.google.android.gms:play-services-measurement-api:22.1.0] AndroidManifest.xml:25:22-76
57    <uses-permission android:name="android.permission.ACCESS_ADSERVICES_ATTRIBUTION" />
57-->[com.google.android.gms:play-services-measurement-api:22.1.0] AndroidManifest.xml:26:5-88
57-->[com.google.android.gms:play-services-measurement-api:22.1.0] AndroidManifest.xml:26:22-85
58    <uses-permission android:name="android.permission.ACCESS_ADSERVICES_AD_ID" />
58-->[com.google.android.gms:play-services-measurement-api:22.1.0] AndroidManifest.xml:27:5-82
58-->[com.google.android.gms:play-services-measurement-api:22.1.0] AndroidManifest.xml:27:22-79
59    <uses-permission android:name="com.google.android.finsky.permission.BIND_GET_INSTALL_REFERRER_SERVICE" />
59-->[com.google.android.gms:play-services-measurement:22.1.0] AndroidManifest.xml:26:5-110
59-->[com.google.android.gms:play-services-measurement:22.1.0] AndroidManifest.xml:26:22-107
60    <uses-permission android:name="com.google.android.providers.gsf.permission.READ_GSERVICES" />
60-->[com.google.android.recaptcha:recaptcha:18.4.0] AndroidManifest.xml:9:5-98
60-->[com.google.android.recaptcha:recaptcha:18.4.0] AndroidManifest.xml:9:22-95
61    <uses-permission android:name="android.permission.RECEIVE_BOOT_COMPLETED" />
61-->[androidx.work:work-runtime:2.8.1] AndroidManifest.xml:25:5-81
61-->[androidx.work:work-runtime:2.8.1] AndroidManifest.xml:25:22-78
62    <uses-permission android:name="android.permission.FOREGROUND_SERVICE" />
62-->[androidx.work:work-runtime:2.8.1] AndroidManifest.xml:26:5-77
62-->[androidx.work:work-runtime:2.8.1] AndroidManifest.xml:26:22-74
63
64    <permission
64-->[androidx.core:core:1.13.1] AndroidManifest.xml:22:5-24:47
65        android:name="com.tournmentApp.tournemnt.DYNAMIC_RECEIVER_NOT_EXPORTED_PERMISSION"
65-->[androidx.core:core:1.13.1] AndroidManifest.xml:23:9-81
66        android:protectionLevel="signature" />
66-->[androidx.core:core:1.13.1] AndroidManifest.xml:24:9-44
67
68    <uses-permission android:name="com.tournmentApp.tournemnt.DYNAMIC_RECEIVER_NOT_EXPORTED_PERMISSION" />
68-->[androidx.core:core:1.13.1] AndroidManifest.xml:26:5-97
68-->[androidx.core:core:1.13.1] AndroidManifest.xml:26:22-94
69    <uses-permission android:name="android.permission.GET_TASKS" />
69-->[im.zego:zpns:2.6.0] AndroidManifest.xml:14:5-68
69-->[im.zego:zpns:2.6.0] AndroidManifest.xml:14:22-65
70
71    <application
72        android:name="android.app.Application"
73        android:appComponentFactory="androidx.core.app.CoreComponentFactory"
73-->[androidx.core:core:1.13.1] AndroidManifest.xml:28:18-86
74        android:debuggable="true"
75        android:extractNativeLibs="false"
76        android:icon="@mipmap/ic_launcher"
77        android:label="Cricket Place" >
78        <activity
79            android:name="com.tournmentApp.tournemnt.MainActivity"
80            android:configChanges="orientation|keyboardHidden|keyboard|screenSize|smallestScreenSize|locale|layoutDirection|fontScale|screenLayout|density|uiMode"
81            android:exported="true"
82            android:hardwareAccelerated="true"
83            android:launchMode="singleTop"
84            android:theme="@style/LaunchTheme"
85            android:windowSoftInputMode="adjustResize" >
86
87            <!--
88                 Specifies an Android theme to apply to this Activity as soon as
89                 the Android process has started. This theme is visible to the user
90                 while the Flutter UI initializes. After that, this theme continues
91                 to determine the Window background behind the Flutter UI.
92            -->
93            <meta-data
94                android:name="io.flutter.embedding.android.NormalTheme"
95                android:resource="@style/NormalTheme" />
96
97            <intent-filter>
98                <action android:name="android.intent.action.MAIN" />
99
100                <category android:name="android.intent.category.LAUNCHER" />
101            </intent-filter>
102        </activity>
103        <!--
104             Don't delete the meta-data below.
105             This is used by the Flutter tool to generate GeneratedPluginRegistrant.java
106        -->
107        <meta-data
108            android:name="flutterEmbedding"
109            android:value="2" />
110
111        <service
111-->[:cloud_firestore] AndroidManifest.xml:10:9-14:19
112            android:name="com.google.firebase.components.ComponentDiscoveryService"
112-->[:cloud_firestore] AndroidManifest.xml:10:18-89
113            android:directBootAware="true"
113-->[com.google.firebase:firebase-common:21.0.0] AndroidManifest.xml:32:13-43
114            android:exported="false" >
114-->[com.google.firebase:firebase-analytics-ktx:22.1.0] AndroidManifest.xml:10:13-37
115            <meta-data
115-->[:cloud_firestore] AndroidManifest.xml:11:13-13:85
116                android:name="com.google.firebase.components:io.flutter.plugins.firebase.firestore.FlutterFirebaseFirestoreRegistrar"
116-->[:cloud_firestore] AndroidManifest.xml:12:17-134
117                android:value="com.google.firebase.components.ComponentRegistrar" />
117-->[:cloud_firestore] AndroidManifest.xml:13:17-82
118            <meta-data
118-->[:firebase_auth] AndroidManifest.xml:11:13-13:85
119                android:name="com.google.firebase.components:io.flutter.plugins.firebase.auth.FlutterFirebaseAuthRegistrar"
119-->[:firebase_auth] AndroidManifest.xml:12:17-124
120                android:value="com.google.firebase.components.ComponentRegistrar" />
120-->[:firebase_auth] AndroidManifest.xml:13:17-82
121            <meta-data
121-->[:firebase_messaging] AndroidManifest.xml:38:13-40:85
122                android:name="com.google.firebase.components:io.flutter.plugins.firebase.messaging.FlutterFirebaseAppRegistrar"
122-->[:firebase_messaging] AndroidManifest.xml:39:17-128
123                android:value="com.google.firebase.components.ComponentRegistrar" />
123-->[:firebase_messaging] AndroidManifest.xml:40:17-82
124            <meta-data
124-->[:firebase_storage] AndroidManifest.xml:11:13-13:85
125                android:name="com.google.firebase.components:io.flutter.plugins.firebase.storage.FlutterFirebaseAppRegistrar"
125-->[:firebase_storage] AndroidManifest.xml:12:17-126
126                android:value="com.google.firebase.components.ComponentRegistrar" />
126-->[:firebase_storage] AndroidManifest.xml:13:17-82
127            <meta-data
127-->[:firebase_core] AndroidManifest.xml:11:13-13:85
128                android:name="com.google.firebase.components:io.flutter.plugins.firebase.core.FlutterFirebaseCoreRegistrar"
128-->[:firebase_core] AndroidManifest.xml:12:17-124
129                android:value="com.google.firebase.components.ComponentRegistrar" />
129-->[:firebase_core] AndroidManifest.xml:13:17-82
130            <meta-data
130-->[com.google.firebase:firebase-analytics-ktx:22.1.0] AndroidManifest.xml:11:13-13:85
131                android:name="com.google.firebase.components:com.google.firebase.analytics.ktx.FirebaseAnalyticsLegacyRegistrar"
131-->[com.google.firebase:firebase-analytics-ktx:22.1.0] AndroidManifest.xml:12:17-129
132                android:value="com.google.firebase.components.ComponentRegistrar" />
132-->[com.google.firebase:firebase-analytics-ktx:22.1.0] AndroidManifest.xml:13:17-82
133            <meta-data
133-->[com.google.firebase:firebase-messaging:24.0.3] AndroidManifest.xml:57:13-59:85
134                android:name="com.google.firebase.components:com.google.firebase.messaging.FirebaseMessagingKtxRegistrar"
134-->[com.google.firebase:firebase-messaging:24.0.3] AndroidManifest.xml:58:17-122
135                android:value="com.google.firebase.components.ComponentRegistrar" />
135-->[com.google.firebase:firebase-messaging:24.0.3] AndroidManifest.xml:59:17-82
136            <meta-data
136-->[com.google.firebase:firebase-messaging:24.0.3] AndroidManifest.xml:60:13-62:85
137                android:name="com.google.firebase.components:com.google.firebase.messaging.FirebaseMessagingRegistrar"
137-->[com.google.firebase:firebase-messaging:24.0.3] AndroidManifest.xml:61:17-119
138                android:value="com.google.firebase.components.ComponentRegistrar" />
138-->[com.google.firebase:firebase-messaging:24.0.3] AndroidManifest.xml:62:17-82
139            <meta-data
139-->[com.google.firebase:firebase-firestore:25.1.0] AndroidManifest.xml:17:13-19:85
140                android:name="com.google.firebase.components:com.google.firebase.firestore.FirebaseFirestoreKtxRegistrar"
140-->[com.google.firebase:firebase-firestore:25.1.0] AndroidManifest.xml:18:17-122
141                android:value="com.google.firebase.components.ComponentRegistrar" />
141-->[com.google.firebase:firebase-firestore:25.1.0] AndroidManifest.xml:19:17-82
142            <meta-data
142-->[com.google.firebase:firebase-firestore:25.1.0] AndroidManifest.xml:20:13-22:85
143                android:name="com.google.firebase.components:com.google.firebase.firestore.FirestoreRegistrar"
143-->[com.google.firebase:firebase-firestore:25.1.0] AndroidManifest.xml:21:17-111
144                android:value="com.google.firebase.components.ComponentRegistrar" />
144-->[com.google.firebase:firebase-firestore:25.1.0] AndroidManifest.xml:22:17-82
145            <meta-data
145-->[com.google.firebase:firebase-auth:23.0.0] AndroidManifest.xml:69:13-71:85
146                android:name="com.google.firebase.components:com.google.firebase.auth.FirebaseAuthRegistrar"
146-->[com.google.firebase:firebase-auth:23.0.0] AndroidManifest.xml:70:17-109
147                android:value="com.google.firebase.components.ComponentRegistrar" />
147-->[com.google.firebase:firebase-auth:23.0.0] AndroidManifest.xml:71:17-82
148            <meta-data
148-->[com.google.firebase:firebase-storage:21.0.0] AndroidManifest.xml:30:13-32:85
149                android:name="com.google.firebase.components:com.google.firebase.storage.FirebaseStorageKtxRegistrar"
149-->[com.google.firebase:firebase-storage:21.0.0] AndroidManifest.xml:31:17-118
150                android:value="com.google.firebase.components.ComponentRegistrar" />
150-->[com.google.firebase:firebase-storage:21.0.0] AndroidManifest.xml:32:17-82
151            <meta-data
151-->[com.google.firebase:firebase-storage:21.0.0] AndroidManifest.xml:33:13-35:85
152                android:name="com.google.firebase.components:com.google.firebase.storage.StorageRegistrar"
152-->[com.google.firebase:firebase-storage:21.0.0] AndroidManifest.xml:34:17-107
153                android:value="com.google.firebase.components.ComponentRegistrar" />
153-->[com.google.firebase:firebase-storage:21.0.0] AndroidManifest.xml:35:17-82
154            <meta-data
154-->[com.google.android.gms:play-services-measurement-api:22.1.0] AndroidManifest.xml:37:13-39:85
155                android:name="com.google.firebase.components:com.google.firebase.analytics.connector.internal.AnalyticsConnectorRegistrar"
155-->[com.google.android.gms:play-services-measurement-api:22.1.0] AndroidManifest.xml:38:17-139
156                android:value="com.google.firebase.components.ComponentRegistrar" />
156-->[com.google.android.gms:play-services-measurement-api:22.1.0] AndroidManifest.xml:39:17-82
157            <meta-data
157-->[com.google.firebase:firebase-installations:18.0.0] AndroidManifest.xml:15:13-17:85
158                android:name="com.google.firebase.components:com.google.firebase.installations.FirebaseInstallationsKtxRegistrar"
158-->[com.google.firebase:firebase-installations:18.0.0] AndroidManifest.xml:16:17-130
159                android:value="com.google.firebase.components.ComponentRegistrar" />
159-->[com.google.firebase:firebase-installations:18.0.0] AndroidManifest.xml:17:17-82
160            <meta-data
160-->[com.google.firebase:firebase-installations:18.0.0] AndroidManifest.xml:18:13-20:85
161                android:name="com.google.firebase.components:com.google.firebase.installations.FirebaseInstallationsRegistrar"
161-->[com.google.firebase:firebase-installations:18.0.0] AndroidManifest.xml:19:17-127
162                android:value="com.google.firebase.components.ComponentRegistrar" />
162-->[com.google.firebase:firebase-installations:18.0.0] AndroidManifest.xml:20:17-82
163            <meta-data
163-->[com.google.firebase:firebase-appcheck:18.0.0] AndroidManifest.xml:25:13-27:85
164                android:name="com.google.firebase.components:com.google.firebase.appcheck.FirebaseAppCheckKtxRegistrar"
164-->[com.google.firebase:firebase-appcheck:18.0.0] AndroidManifest.xml:26:17-120
165                android:value="com.google.firebase.components.ComponentRegistrar" />
165-->[com.google.firebase:firebase-appcheck:18.0.0] AndroidManifest.xml:27:17-82
166            <meta-data
166-->[com.google.firebase:firebase-appcheck:18.0.0] AndroidManifest.xml:28:13-30:85
167                android:name="com.google.firebase.components:com.google.firebase.appcheck.FirebaseAppCheckRegistrar"
167-->[com.google.firebase:firebase-appcheck:18.0.0] AndroidManifest.xml:29:17-117
168                android:value="com.google.firebase.components.ComponentRegistrar" />
168-->[com.google.firebase:firebase-appcheck:18.0.0] AndroidManifest.xml:30:17-82
169            <meta-data
169-->[com.google.firebase:firebase-common-ktx:21.0.0] AndroidManifest.xml:12:13-14:85
170                android:name="com.google.firebase.components:com.google.firebase.ktx.FirebaseCommonLegacyRegistrar"
170-->[com.google.firebase:firebase-common-ktx:21.0.0] AndroidManifest.xml:13:17-116
171                android:value="com.google.firebase.components.ComponentRegistrar" />
171-->[com.google.firebase:firebase-common-ktx:21.0.0] AndroidManifest.xml:14:17-82
172            <meta-data
172-->[com.google.firebase:firebase-common:21.0.0] AndroidManifest.xml:35:13-37:85
173                android:name="com.google.firebase.components:com.google.firebase.FirebaseCommonKtxRegistrar"
173-->[com.google.firebase:firebase-common:21.0.0] AndroidManifest.xml:36:17-109
174                android:value="com.google.firebase.components.ComponentRegistrar" />
174-->[com.google.firebase:firebase-common:21.0.0] AndroidManifest.xml:37:17-82
175            <meta-data
175-->[com.google.firebase:firebase-datatransport:18.2.0] AndroidManifest.xml:25:13-27:85
176                android:name="com.google.firebase.components:com.google.firebase.datatransport.TransportRegistrar"
176-->[com.google.firebase:firebase-datatransport:18.2.0] AndroidManifest.xml:26:17-115
177                android:value="com.google.firebase.components.ComponentRegistrar" />
177-->[com.google.firebase:firebase-datatransport:18.2.0] AndroidManifest.xml:27:17-82
178        </service>
179
180        <receiver
180-->[:zego_uikit_prebuilt_call] AndroidManifest.xml:10:9-12:40
181            android:name="com.zegocloud.uikit.call_plugin.notification.AcceptReceiver"
181-->[:zego_uikit_prebuilt_call] AndroidManifest.xml:11:13-87
182            android:exported="false" />
182-->[:zego_uikit_prebuilt_call] AndroidManifest.xml:12:13-37
183        <receiver
183-->[:zego_uikit_prebuilt_call] AndroidManifest.xml:13:9-15:40
184            android:name="com.zegocloud.uikit.call_plugin.notification.RejectReceiver"
184-->[:zego_uikit_prebuilt_call] AndroidManifest.xml:14:13-87
185            android:exported="false" />
185-->[:zego_uikit_prebuilt_call] AndroidManifest.xml:15:13-37
186        <receiver
186-->[:zego_uikit_prebuilt_call] AndroidManifest.xml:16:9-18:40
187            android:name="com.zegocloud.uikit.call_plugin.notification.CancelReceiver"
187-->[:zego_uikit_prebuilt_call] AndroidManifest.xml:17:13-87
188            android:exported="false" />
188-->[:zego_uikit_prebuilt_call] AndroidManifest.xml:18:13-37
189        <receiver
189-->[:zego_uikit_prebuilt_call] AndroidManifest.xml:19:9-21:40
190            android:name="com.zegocloud.uikit.call_plugin.notification.ClickReceiver"
190-->[:zego_uikit_prebuilt_call] AndroidManifest.xml:20:13-86
191            android:exported="false" />
191-->[:zego_uikit_prebuilt_call] AndroidManifest.xml:21:13-37
192
193        <service
193-->[:firebase_messaging] AndroidManifest.xml:16:9-19:72
194            android:name="io.flutter.plugins.firebase.messaging.FlutterFirebaseMessagingBackgroundService"
194-->[:firebase_messaging] AndroidManifest.xml:17:13-107
195            android:exported="false"
195-->[:firebase_messaging] AndroidManifest.xml:18:13-37
196            android:permission="android.permission.BIND_JOB_SERVICE" />
196-->[:firebase_messaging] AndroidManifest.xml:19:13-69
197        <service
197-->[:firebase_messaging] AndroidManifest.xml:20:9-26:19
198            android:name="io.flutter.plugins.firebase.messaging.FlutterFirebaseMessagingService"
198-->[:firebase_messaging] AndroidManifest.xml:21:13-97
199            android:exported="false" >
199-->[:firebase_messaging] AndroidManifest.xml:22:13-37
200            <intent-filter>
200-->[:firebase_messaging] AndroidManifest.xml:23:13-25:29
201                <action android:name="com.google.firebase.MESSAGING_EVENT" />
201-->[:firebase_messaging] AndroidManifest.xml:24:17-78
201-->[:firebase_messaging] AndroidManifest.xml:24:25-75
202            </intent-filter>
203        </service>
204
205        <receiver
205-->[:firebase_messaging] AndroidManifest.xml:28:9-35:20
206            android:name="io.flutter.plugins.firebase.messaging.FlutterFirebaseMessagingReceiver"
206-->[:firebase_messaging] AndroidManifest.xml:29:13-98
207            android:exported="true"
207-->[:firebase_messaging] AndroidManifest.xml:30:13-36
208            android:permission="com.google.android.c2dm.permission.SEND" >
208-->[:firebase_messaging] AndroidManifest.xml:31:13-73
209            <intent-filter>
209-->[:firebase_messaging] AndroidManifest.xml:32:13-34:29
210                <action android:name="com.google.android.c2dm.intent.RECEIVE" />
210-->[:firebase_messaging] AndroidManifest.xml:33:17-81
210-->[:firebase_messaging] AndroidManifest.xml:33:25-78
211            </intent-filter>
212        </receiver>
213
214        <provider
214-->[:firebase_messaging] AndroidManifest.xml:43:9-47:38
215            android:name="io.flutter.plugins.firebase.messaging.FlutterFirebaseMessagingInitProvider"
215-->[:firebase_messaging] AndroidManifest.xml:44:13-102
216            android:authorities="com.tournmentApp.tournemnt.flutterfirebasemessaginginitprovider"
216-->[:firebase_messaging] AndroidManifest.xml:45:13-88
217            android:exported="false"
217-->[:firebase_messaging] AndroidManifest.xml:46:13-37
218            android:initOrder="99" />
218-->[:firebase_messaging] AndroidManifest.xml:47:13-35
219
220        <activity
220-->[:flutter_callkit_incoming_yoer] AndroidManifest.xml:18:9-32:20
221            android:name="com.hiennv.flutter_callkit_incoming.CallkitIncomingActivity"
221-->[:flutter_callkit_incoming_yoer] AndroidManifest.xml:19:13-87
222            android:configChanges="orientation"
222-->[:flutter_callkit_incoming_yoer] AndroidManifest.xml:20:13-48
223            android:excludeFromRecents="true"
223-->[:flutter_callkit_incoming_yoer] AndroidManifest.xml:21:13-46
224            android:exported="true"
224-->[:flutter_callkit_incoming_yoer] AndroidManifest.xml:22:13-36
225            android:noHistory="true"
225-->[:flutter_callkit_incoming_yoer] AndroidManifest.xml:23:13-37
226            android:taskAffinity="com.hiennv.flutter_callkit_incoming.INCOMING_CALL_AFFINITY"
226-->[:flutter_callkit_incoming_yoer] AndroidManifest.xml:24:13-94
227            android:theme="@style/CallkitIncomingTheme"
227-->[:flutter_callkit_incoming_yoer] AndroidManifest.xml:25:13-56
228            android:turnScreenOn="true" >
228-->[:flutter_callkit_incoming_yoer] AndroidManifest.xml:26:13-40
229            <intent-filter>
229-->[:flutter_callkit_incoming_yoer] AndroidManifest.xml:27:13-31:29
230                <action android:name="com.tournmentApp.tournemnt.com.hiennv.flutter_callkit_incoming.ACTION_CALL_INCOMING" />
230-->[:flutter_callkit_incoming_yoer] AndroidManifest.xml:28:17-116
230-->[:flutter_callkit_incoming_yoer] AndroidManifest.xml:28:25-113
231
232                <category android:name="android.intent.category.DEFAULT" />
232-->[:flutter_callkit_incoming_yoer] AndroidManifest.xml:30:17-76
232-->[:flutter_callkit_incoming_yoer] AndroidManifest.xml:30:27-73
233            </intent-filter>
234        </activity>
235        <activity
235-->[:flutter_callkit_incoming_yoer] AndroidManifest.xml:33:9-36:55
236            android:name="com.hiennv.flutter_callkit_incoming.TransparentActivity"
236-->[:flutter_callkit_incoming_yoer] AndroidManifest.xml:34:13-83
237            android:exported="false"
237-->[:flutter_callkit_incoming_yoer] AndroidManifest.xml:35:13-37
238            android:theme="@style/TranslucentTheme" />
238-->[:flutter_callkit_incoming_yoer] AndroidManifest.xml:36:13-52
239
240        <receiver
240-->[:flutter_callkit_incoming_yoer] AndroidManifest.xml:38:9-49:20
241            android:name="com.hiennv.flutter_callkit_incoming.CallkitIncomingBroadcastReceiver"
241-->[:flutter_callkit_incoming_yoer] AndroidManifest.xml:39:13-96
242            android:enabled="true"
242-->[:flutter_callkit_incoming_yoer] AndroidManifest.xml:40:13-35
243            android:exported="false" >
243-->[:flutter_callkit_incoming_yoer] AndroidManifest.xml:41:13-37
244            <intent-filter>
244-->[:flutter_callkit_incoming_yoer] AndroidManifest.xml:42:13-48:29
245                <action android:name="com.tournmentApp.tournemnt.com.hiennv.flutter_callkit_incoming.ACTION_CALL_INCOMING" />
245-->[:flutter_callkit_incoming_yoer] AndroidManifest.xml:28:17-116
245-->[:flutter_callkit_incoming_yoer] AndroidManifest.xml:28:25-113
246                <action android:name="com.tournmentApp.tournemnt.com.hiennv.flutter_callkit_incoming.ACTION_CALL_ACCEPT" />
246-->[:flutter_callkit_incoming_yoer] AndroidManifest.xml:44:17-114
246-->[:flutter_callkit_incoming_yoer] AndroidManifest.xml:44:25-111
247                <action android:name="com.tournmentApp.tournemnt.com.hiennv.flutter_callkit_incoming.ACTION_CALL_DECLINE" />
247-->[:flutter_callkit_incoming_yoer] AndroidManifest.xml:45:17-115
247-->[:flutter_callkit_incoming_yoer] AndroidManifest.xml:45:25-112
248                <action android:name="com.tournmentApp.tournemnt.com.hiennv.flutter_callkit_incoming.ACTION_CALL_ENDED" />
248-->[:flutter_callkit_incoming_yoer] AndroidManifest.xml:46:17-113
248-->[:flutter_callkit_incoming_yoer] AndroidManifest.xml:46:25-110
249                <action android:name="com.tournmentApp.tournemnt.com.hiennv.flutter_callkit_incoming.ACTION_CALL_TIMEOUT" />
249-->[:flutter_callkit_incoming_yoer] AndroidManifest.xml:47:17-115
249-->[:flutter_callkit_incoming_yoer] AndroidManifest.xml:47:25-112
250            </intent-filter>
251        </receiver>
252
253        <service
253-->[:flutter_callkit_incoming_yoer] AndroidManifest.xml:51:9-54:39
254            android:name="com.hiennv.flutter_callkit_incoming.CallkitSoundPlayerService"
254-->[:flutter_callkit_incoming_yoer] AndroidManifest.xml:52:13-89
255            android:enabled="true"
255-->[:flutter_callkit_incoming_yoer] AndroidManifest.xml:53:13-35
256            android:exported="true" />
256-->[:flutter_callkit_incoming_yoer] AndroidManifest.xml:54:13-36
257
258        <provider
258-->[:image_picker_android] AndroidManifest.xml:11:9-19:20
259            android:name="io.flutter.plugins.imagepicker.ImagePickerFileProvider"
259-->[:image_picker_android] AndroidManifest.xml:12:13-82
260            android:authorities="com.tournmentApp.tournemnt.flutter.image_provider"
260-->[:image_picker_android] AndroidManifest.xml:13:13-74
261            android:exported="false"
261-->[:image_picker_android] AndroidManifest.xml:14:13-37
262            android:grantUriPermissions="true" >
262-->[:image_picker_android] AndroidManifest.xml:15:13-47
263            <meta-data
263-->[:image_picker_android] AndroidManifest.xml:16:13-18:75